{"/home/developer/projects/let-them-eat-cake/src/components/Cake.jsx": {"path":"/home/developer/projects/let-them-eat-cake/src/components/Cake.jsx","statementMap":{"0":{"start":{"line":4,"column":16},"end":{"line":4,"column":25}},"1":{"start":{"line":5,"column":16},"end":{"line":5,"column":25}},"2":{"start":{"line":9,"column":4},"end":{"line":9,"column":17}},"3":{"start":{"line":11,"column":4},"end":{"line":19,"column":5}},"4":{"start":{"line":21,"column":4},"end":{"line":21,"column":59}},"5":{"start":{"line":22,"column":4},"end":{"line":22,"column":63}},"6":{"start":{"line":23,"column":4},"end":{"line":23,"column":61}},"7":{"start":{"line":24,"column":4},"end":{"line":24,"column":61}},"8":{"start":{"line":28,"column":4},"end":{"line":28,"column":27}},"9":{"start":{"line":29,"column":15},"end":{"line":29,"column":22}},"10":{"start":{"line":30,"column":4},"end":{"line":32,"column":5}},"11":{"start":{"line":31,"column":6},"end":{"line":31,"column":21}},"12":{"start":{"line":34,"column":4},"end":{"line":36,"column":7}},"13":{"start":{"line":40,"column":4},"end":{"line":45,"column":7}},"14":{"start":{"line":49,"column":4},"end":{"line":54,"column":7}},"15":{"start":{"line":58,"column":4},"end":{"line":58,"column":27}},"16":{"start":{"line":59,"column":4},"end":{"line":59,"column":42}},"17":{"start":{"line":60,"column":4},"end":{"line":62,"column":7}},"18":{"start":{"line":66,"column":31},"end":{"line":66,"column":41}},"19":{"start":{"line":67,"column":28},"end":{"line":67,"column":38}},"20":{"start":{"line":69,"column":4},"end":{"line":111,"column":6}},"21":{"start":{"line":115,"column":0},"end":{"line":118,"column":1}},"22":{"start":{"line":120,"column":0},"end":{"line":120,"column":22}}},"fnMap":{"0":{"name":"(anonymous_0)","decl":{"start":{"line":8,"column":2},"end":{"line":8,"column":3}},"loc":{"start":{"line":8,"column":21},"end":{"line":25,"column":3}},"line":8},"1":{"name":"(anonymous_1)","decl":{"start":{"line":27,"column":2},"end":{"line":27,"column":3}},"loc":{"start":{"line":27,"column":25},"end":{"line":37,"column":3}},"line":27},"2":{"name":"(anonymous_2)","decl":{"start":{"line":39,"column":2},"end":{"line":39,"column":3}},"loc":{"start":{"line":39,"column":27},"end":{"line":46,"column":3}},"line":39},"3":{"name":"(anonymous_3)","decl":{"start":{"line":48,"column":2},"end":{"line":48,"column":3}},"loc":{"start":{"line":48,"column":26},"end":{"line":55,"column":3}},"line":48},"4":{"name":"(anonymous_4)","decl":{"start":{"line":57,"column":2},"end":{"line":57,"column":3}},"loc":{"start":{"line":57,"column":26},"end":{"line":63,"column":3}},"line":57},"5":{"name":"(anonymous_5)","decl":{"start":{"line":65,"column":2},"end":{"line":65,"column":3}},"loc":{"start":{"line":65,"column":11},"end":{"line":112,"column":3}},"line":65}},"branchMap":{"0":{"loc":{"start":{"line":30,"column":4},"end":{"line":32,"column":5}},"type":"if","locations":[{"start":{"line":30,"column":4},"end":{"line":32,"column":5}},{"start":{"line":30,"column":4},"end":{"line":32,"column":5}}],"line":30},"1":{"loc":{"start":{"line":79,"column":12},"end":{"line":80,"column":59}},"type":"cond-expr","locations":[{"start":{"line":80,"column":12},"end":{"line":80,"column":52}},{"start":{"line":80,"column":55},"end":{"line":80,"column":59}}],"line":79},"2":{"loc":{"start":{"line":81,"column":12},"end":{"line":82,"column":56}},"type":"cond-expr","locations":[{"start":{"line":82,"column":12},"end":{"line":82,"column":49}},{"start":{"line":82,"column":52},"end":{"line":82,"column":56}}],"line":81},"3":{"loc":{"start":{"line":84,"column":12},"end":{"line":107,"column":16}},"type":"cond-expr","locations":[{"start":{"line":85,"column":12},"end":{"line":106,"column":19}},{"start":{"line":107,"column":12},"end":{"line":107,"column":16}}],"line":84}},"s":{"0":3,"1":3,"2":4,"3":4,"4":4,"5":4,"6":4,"7":4,"8":0,"9":0,"10":0,"11":0,"12":0,"13":0,"14":0,"15":0,"16":0,"17":0,"18":4,"19":4,"20":4,"21":3,"22":3},"f":{"0":4,"1":0,"2":0,"3":0,"4":0,"5":4},"b":{"0":[0,0],"1":[4,0],"2":[4,0],"3":[0,4]},"_coverageSchema":"332fd63041d2c1bcb487cc26dd0d5f7d97098a6c","hash":"1ab43ccf6a98963f1eddc1a10c434d93489e95ac"}
,"/home/developer/projects/let-them-eat-cake/src/components/CakeWalk.jsx": {"path":"/home/developer/projects/let-them-eat-cake/src/components/CakeWalk.jsx","statementMap":{"0":{"start":{"line":1,"column":12},"end":{"line":1,"column":28}},"1":{"start":{"line":2,"column":16},"end":{"line":2,"column":37}},"2":{"start":{"line":4,"column":11},"end":{"line":4,"column":28}},"3":{"start":{"line":6,"column":17},"end":{"line":25,"column":1}},"4":{"start":{"line":7,"column":44},"end":{"line":7,"column":49}},"5":{"start":{"line":9,"column":2},"end":{"line":24,"column":4}},"6":{"start":{"line":14,"column":12},"end":{"line":15,"column":56}},"7":{"start":{"line":18,"column":12},"end":{"line":20,"column":14}},"8":{"start":{"line":27,"column":0},"end":{"line":31,"column":1}},"9":{"start":{"line":33,"column":0},"end":{"line":33,"column":26}}},"fnMap":{"0":{"name":"(anonymous_0)","decl":{"start":{"line":6,"column":17},"end":{"line":6,"column":18}},"loc":{"start":{"line":6,"column":28},"end":{"line":25,"column":1}},"line":6},"1":{"name":"(anonymous_1)","decl":{"start":{"line":13,"column":18},"end":{"line":13,"column":19}},"loc":{"start":{"line":13,"column":26},"end":{"line":16,"column":11}},"line":13},"2":{"name":"(anonymous_2)","decl":{"start":{"line":17,"column":15},"end":{"line":17,"column":16}},"loc":{"start":{"line":17,"column":32},"end":{"line":21,"column":11}},"line":17}},"branchMap":{"0":{"loc":{"start":{"line":14,"column":19},"end":{"line":15,"column":55}},"type":"binary-expr","locations":[{"start":{"line":14,"column":19},"end":{"line":14,"column":56}},{"start":{"line":15,"column":19},"end":{"line":15,"column":55}}],"line":14}},"s":{"0":1,"1":1,"2":1,"3":1,"4":1,"5":1,"6":1,"7":1,"8":1,"9":1},"f":{"0":1,"1":1,"2":1},"b":{"0":[1,0]},"_coverageSchema":"332fd63041d2c1bcb487cc26dd0d5f7d97098a6c","hash":"a7c2dabab66b68e62aee555c2fdf102d084d1c9e"}
,"/home/developer/projects/let-them-eat-cake/src/components/Loading.jsx": {"path":"/home/developer/projects/let-them-eat-cake/src/components/Loading.jsx","statementMap":{"0":{"start":{"line":1,"column":12},"end":{"line":1,"column":28}},"1":{"start":{"line":2,"column":16},"end":{"line":2,"column":37}},"2":{"start":{"line":4,"column":13},"end":{"line":9,"column":1}},"3":{"start":{"line":13,"column":4},"end":{"line":13,"column":17}},"4":{"start":{"line":15,"column":4},"end":{"line":17,"column":6}},"5":{"start":{"line":21,"column":18},"end":{"line":21,"column":41}},"6":{"start":{"line":22,"column":4},"end":{"line":36,"column":36}},"7":{"start":{"line":23,"column":6},"end":{"line":35,"column":7}},"8":{"start":{"line":24,"column":8},"end":{"line":28,"column":10}},"9":{"start":{"line":25,"column":10},"end":{"line":27,"column":11}},"10":{"start":{"line":30,"column":8},"end":{"line":34,"column":10}},"11":{"start":{"line":31,"column":10},"end":{"line":33,"column":11}},"12":{"start":{"line":40,"column":4},"end":{"line":40,"column":40}},"13":{"start":{"line":44,"column":4},"end":{"line":51,"column":6}},"14":{"start":{"line":55,"column":0},"end":{"line":58,"column":1}},"15":{"start":{"line":60,"column":0},"end":{"line":63,"column":1}},"16":{"start":{"line":65,"column":0},"end":{"line":65,"column":25}}},"fnMap":{"0":{"name":"(anonymous_0)","decl":{"start":{"line":12,"column":2},"end":{"line":12,"column":3}},"loc":{"start":{"line":12,"column":21},"end":{"line":18,"column":3}},"line":12},"1":{"name":"(anonymous_1)","decl":{"start":{"line":20,"column":2},"end":{"line":20,"column":3}},"loc":{"start":{"line":20,"column":22},"end":{"line":37,"column":3}},"line":20},"2":{"name":"(anonymous_2)","decl":{"start":{"line":22,"column":39},"end":{"line":22,"column":40}},"loc":{"start":{"line":22,"column":50},"end":{"line":36,"column":5}},"line":22},"3":{"name":"(anonymous_3)","decl":{"start":{"line":24,"column":22},"end":{"line":24,"column":23}},"loc":{"start":{"line":24,"column":33},"end":{"line":28,"column":9}},"line":24},"4":{"name":"(anonymous_4)","decl":{"start":{"line":30,"column":22},"end":{"line":30,"column":23}},"loc":{"start":{"line":30,"column":42},"end":{"line":34,"column":9}},"line":30},"5":{"name":"(anonymous_5)","decl":{"start":{"line":39,"column":2},"end":{"line":39,"column":3}},"loc":{"start":{"line":39,"column":25},"end":{"line":41,"column":3}},"line":39},"6":{"name":"(anonymous_6)","decl":{"start":{"line":43,"column":2},"end":{"line":43,"column":3}},"loc":{"start":{"line":43,"column":11},"end":{"line":52,"column":3}},"line":43}},"branchMap":{"0":{"loc":{"start":{"line":23,"column":6},"end":{"line":35,"column":7}},"type":"if","locations":[{"start":{"line":23,"column":6},"end":{"line":35,"column":7}},{"start":{"line":23,"column":6},"end":{"line":35,"column":7}}],"line":23}},"s":{"0":1,"1":1,"2":1,"3":1,"4":1,"5":1,"6":1,"7":0,"8":0,"9":0,"10":0,"11":0,"12":0,"13":1,"14":1,"15":1,"16":1},"f":{"0":1,"1":1,"2":0,"3":0,"4":0,"5":0,"6":1},"b":{"0":[0,0]},"_coverageSchema":"332fd63041d2c1bcb487cc26dd0d5f7d97098a6c","hash":"196a770c593e474ab64a6d3adadc874d74f95fee"}
,"/home/developer/projects/let-them-eat-cake/src/redux/actions.js": {"path":"/home/developer/projects/let-them-eat-cake/src/redux/actions.js","statementMap":{"0":{"start":{"line":3,"column":25},"end":{"line":3,"column":36}},"1":{"start":{"line":4,"column":26},"end":{"line":4,"column":38}},"2":{"start":{"line":6,"column":26},"end":{"line":16,"column":1}},"3":{"start":{"line":7,"column":2},"end":{"line":15,"column":4}},"4":{"start":{"line":8,"column":4},"end":{"line":14,"column":17}},"5":{"start":{"line":10,"column":16},"end":{"line":10,"column":43}},"6":{"start":{"line":13,"column":16},"end":{"line":13,"column":29}},"7":{"start":{"line":18,"column":25},"end":{"line":20,"column":1}},"8":{"start":{"line":19,"column":2},"end":{"line":19,"column":37}},"9":{"start":{"line":22,"column":24},"end":{"line":24,"column":1}},"10":{"start":{"line":23,"column":2},"end":{"line":23,"column":35}}},"fnMap":{"0":{"name":"(anonymous_0)","decl":{"start":{"line":6,"column":26},"end":{"line":6,"column":27}},"loc":{"start":{"line":6,"column":32},"end":{"line":16,"column":1}},"line":6},"1":{"name":"(anonymous_1)","decl":{"start":{"line":7,"column":9},"end":{"line":7,"column":10}},"loc":{"start":{"line":7,"column":21},"end":{"line":15,"column":3}},"line":7},"2":{"name":"(anonymous_2)","decl":{"start":{"line":9,"column":20},"end":{"line":9,"column":21}},"loc":{"start":{"line":9,"column":29},"end":{"line":11,"column":15}},"line":9},"3":{"name":"(anonymous_3)","decl":{"start":{"line":12,"column":21},"end":{"line":12,"column":22}},"loc":{"start":{"line":12,"column":30},"end":{"line":14,"column":15}},"line":12},"4":{"name":"(anonymous_4)","decl":{"start":{"line":18,"column":25},"end":{"line":18,"column":26}},"loc":{"start":{"line":18,"column":34},"end":{"line":20,"column":1}},"line":18},"5":{"name":"(anonymous_5)","decl":{"start":{"line":22,"column":24},"end":{"line":22,"column":25}},"loc":{"start":{"line":22,"column":32},"end":{"line":24,"column":1}},"line":22}},"branchMap":{},"s":{"0":2,"1":2,"2":2,"3":1,"4":1,"5":1,"6":0,"7":2,"8":2,"9":2,"10":1},"f":{"0":1,"1":1,"2":1,"3":0,"4":2,"5":1},"b":{},"_coverageSchema":"332fd63041d2c1bcb487cc26dd0d5f7d97098a6c","hash":"11d632b0feae16bf8539cff43b0b45cc3aed0efc"}
,"/home/developer/projects/let-them-eat-cake/src/redux/reducers.js": {"path":"/home/developer/projects/let-them-eat-cake/src/redux/reducers.js","statementMap":{"0":{"start":{"line":3,"column":21},"end":{"line":5,"column":1}},"1":{"start":{"line":7,"column":21},"end":{"line":25,"column":1}},"2":{"start":{"line":8,"column":2},"end":{"line":24,"column":3}},"3":{"start":{"line":10,"column":6},"end":{"line":12,"column":9}},"4":{"start":{"line":15,"column":6},"end":{"line":20,"column":9}},"5":{"start":{"line":17,"column":10},"end":{"line":18,"column":51}},"6":{"start":{"line":23,"column":6},"end":{"line":23,"column":19}}},"fnMap":{"0":{"name":"(anonymous_0)","decl":{"start":{"line":7,"column":21},"end":{"line":7,"column":22}},"loc":{"start":{"line":7,"column":55},"end":{"line":25,"column":1}},"line":7},"1":{"name":"(anonymous_1)","decl":{"start":{"line":16,"column":31},"end":{"line":16,"column":32}},"loc":{"start":{"line":16,"column":39},"end":{"line":19,"column":9}},"line":16}},"branchMap":{"0":{"loc":{"start":{"line":7,"column":22},"end":{"line":7,"column":42}},"type":"default-arg","locations":[{"start":{"line":7,"column":30},"end":{"line":7,"column":42}}],"line":7},"1":{"loc":{"start":{"line":8,"column":2},"end":{"line":24,"column":3}},"type":"switch","locations":[{"start":{"line":9,"column":4},"end":{"line":12,"column":9}},{"start":{"line":14,"column":4},"end":{"line":20,"column":9}},{"start":{"line":22,"column":4},"end":{"line":23,"column":19}}],"line":8},"2":{"loc":{"start":{"line":8,"column":10},"end":{"line":8,"column":31}},"type":"binary-expr","locations":[{"start":{"line":8,"column":10},"end":{"line":8,"column":16}},{"start":{"line":8,"column":20},"end":{"line":8,"column":31}}],"line":8},"3":{"loc":{"start":{"line":17,"column":17},"end":{"line":18,"column":50}},"type":"cond-expr","locations":[{"start":{"line":17,"column":46},"end":{"line":17,"column":57}},{"start":{"line":18,"column":46},"end":{"line":18,"column":50}}],"line":17}},"s":{"0":1,"1":1,"2":3,"3":1,"4":1,"5":3,"6":1},"f":{"0":3,"1":3},"b":{"0":[2],"1":[1,1,1],"2":[3,2],"3":[1,2]},"_coverageSchema":"332fd63041d2c1bcb487cc26dd0d5f7d97098a6c","hash":"aa1adc161afddee76f01e38fd6b1cedc261760e5"}
,"/home/developer/projects/let-them-eat-cake/src/utils/api.js": {"path":"/home/developer/projects/let-them-eat-cake/src/utils/api.js","statementMap":{"0":{"start":{"line":3,"column":26},"end":{"line":9,"column":1}},"1":{"start":{"line":4,"column":2},"end":{"line":8,"column":18}},"2":{"start":{"line":5,"column":32},"end":{"line":8,"column":16}},"3":{"start":{"line":6,"column":16},"end":{"line":6,"column":32}},"4":{"start":{"line":7,"column":16},"end":{"line":7,"column":28}}},"fnMap":{"0":{"name":"(anonymous_0)","decl":{"start":{"line":3,"column":26},"end":{"line":3,"column":27}},"loc":{"start":{"line":3,"column":32},"end":{"line":9,"column":1}},"line":3},"1":{"name":"(anonymous_1)","decl":{"start":{"line":5,"column":20},"end":{"line":5,"column":21}},"loc":{"start":{"line":5,"column":32},"end":{"line":8,"column":16}},"line":5},"2":{"name":"(anonymous_2)","decl":{"start":{"line":5,"column":50},"end":{"line":5,"column":51}},"loc":{"start":{"line":5,"column":67},"end":{"line":8,"column":15}},"line":5}},"branchMap":{},"s":{"0":3,"1":1,"2":1,"3":1,"4":1},"f":{"0":1,"1":1,"2":1},"b":{},"_coverageSchema":"332fd63041d2c1bcb487cc26dd0d5f7d97098a6c","hash":"0f182e4a7848397cac39bd5fca4953c8f1c6ce1b"}
}
