TN:
SF:/home/developer/projects/let-them-eat-cake/src/components/Cake.jsx
FN:8,(anonymous_0)
FN:27,(anonymous_1)
FN:39,(anonymous_2)
FN:48,(anonymous_3)
FN:57,(anonymous_4)
FN:65,(anonymous_5)
FNF:6
FNH:2
FNDA:4,(anonymous_0)
FNDA:0,(anonymous_1)
FNDA:0,(anonymous_2)
FNDA:0,(anonymous_3)
FNDA:0,(anonymous_4)
FNDA:4,(anonymous_5)
DA:4,3
DA:5,3
DA:9,4
DA:11,4
DA:21,4
DA:22,4
DA:23,4
DA:24,4
DA:28,0
DA:29,0
DA:30,0
DA:31,0
DA:34,0
DA:40,0
DA:49,0
DA:58,0
DA:59,0
DA:60,0
DA:66,4
DA:67,4
DA:69,4
DA:115,3
DA:120,3
LF:23
LH:13
BRDA:30,0,0,0
BRDA:30,0,1,0
BRDA:79,1,0,4
BRDA:79,1,1,0
BRDA:81,2,0,4
BRDA:81,2,1,0
BRDA:84,3,0,0
BRDA:84,3,1,4
BRF:8
BRH:3
end_of_record
TN:
SF:/home/developer/projects/let-them-eat-cake/src/components/CakeWalk.jsx
FN:6,(anonymous_0)
FN:13,(anonymous_1)
FN:17,(anonymous_2)
FNF:3
FNH:3
FNDA:1,(anonymous_0)
FNDA:1,(anonymous_1)
FNDA:1,(anonymous_2)
DA:1,1
DA:2,1
DA:4,1
DA:6,1
DA:7,1
DA:9,1
DA:14,1
DA:18,1
DA:27,1
DA:33,1
LF:10
LH:10
BRDA:14,0,0,1
BRDA:14,0,1,0
BRF:2
BRH:1
end_of_record
TN:
SF:/home/developer/projects/let-them-eat-cake/src/components/Loading.jsx
FN:12,(anonymous_0)
FN:20,(anonymous_1)
FN:22,(anonymous_2)
FN:24,(anonymous_3)
FN:30,(anonymous_4)
FN:39,(anonymous_5)
FN:43,(anonymous_6)
FNF:7
FNH:3
FNDA:1,(anonymous_0)
FNDA:1,(anonymous_1)
FNDA:0,(anonymous_2)
FNDA:0,(anonymous_3)
FNDA:0,(anonymous_4)
FNDA:0,(anonymous_5)
FNDA:1,(anonymous_6)
DA:1,1
DA:2,1
DA:4,1
DA:13,1
DA:15,1
DA:21,1
DA:22,1
DA:23,0
DA:24,0
DA:25,0
DA:30,0
DA:31,0
DA:40,0
DA:44,1
DA:55,1
DA:60,1
DA:65,1
LF:17
LH:11
BRDA:23,0,0,0
BRDA:23,0,1,0
BRF:2
BRH:0
end_of_record
TN:
SF:/home/developer/projects/let-them-eat-cake/src/redux/actions.js
FN:6,(anonymous_0)
FN:7,(anonymous_1)
FN:9,(anonymous_2)
FN:12,(anonymous_3)
FN:18,(anonymous_4)
FN:22,(anonymous_5)
FNF:6
FNH:5
FNDA:1,(anonymous_0)
FNDA:1,(anonymous_1)
FNDA:1,(anonymous_2)
FNDA:0,(anonymous_3)
FNDA:2,(anonymous_4)
FNDA:1,(anonymous_5)
DA:3,2
DA:4,2
DA:6,2
DA:7,1
DA:8,1
DA:10,1
DA:13,0
DA:18,2
DA:19,2
DA:22,2
DA:23,1
LF:11
LH:10
BRF:0
BRH:0
end_of_record
TN:
SF:/home/developer/projects/let-them-eat-cake/src/redux/reducers.js
FN:7,(anonymous_0)
FN:16,(anonymous_1)
FNF:2
FNH:2
FNDA:3,(anonymous_0)
FNDA:3,(anonymous_1)
DA:3,1
DA:7,1
DA:8,3
DA:10,1
DA:15,1
DA:17,3
DA:23,1
LF:7
LH:7
BRDA:7,0,0,2
BRDA:8,1,0,1
BRDA:8,1,1,1
BRDA:8,1,2,1
BRDA:8,2,0,3
BRDA:8,2,1,2
BRDA:17,3,0,1
BRDA:17,3,1,2
BRF:8
BRH:8
end_of_record
TN:
SF:/home/developer/projects/let-them-eat-cake/src/utils/api.js
FN:3,(anonymous_0)
FN:5,(anonymous_1)
FN:5,(anonymous_2)
FNF:3
FNH:3
FNDA:1,(anonymous_0)
FNDA:1,(anonymous_1)
FNDA:1,(anonymous_2)
DA:3,3
DA:4,1
DA:5,1
DA:6,1
DA:7,1
LF:5
LH:5
BRF:0
BRH:0
end_of_record
